<?xml version="1.0" encoding="UTF-8"?>
<!-- Generated by org.testng.reporters.JUnitXMLReporter -->
<testsuite ignored="0" hostname="PRATEEK" failures="1" tests="1" name="Test" time="9.947" errors="0" timestamp="2021-07-29T21:39:23 IST">
  <testcase classname="com.thinkbridge.shopbridge.SignupPage" name="logintest" time="5.271">
    <failure type="java.lang.AssertionError" message="did not expect to find [true] but found [false]">
      <![CDATA[java.lang.AssertionError: did not expect to find [true] but found [false]
at com.thinkbridge.shopbridge.SignupPage.logintest(SignupPage.java:30)
at java.base/java.util.ArrayList.forEach(ArrayList.java:1507)
... Removed 31 stack frames]]>
    </failure>
  </testcase> <!-- logintest -->
</testsuite> <!-- Test -->
